{"/Users/biaska/Desktop/Career/Bookme/api/config.js": {"path":"/Users/biaska/Desktop/Career/Bookme/api/config.js","statementMap":{"0":{"start":{"line":1,"column":0},"end":{"line":1,"column":27}},"1":{"start":{"line":2,"column":10},"end":{"line":2,"column":24}},"2":{"start":{"line":4,"column":21},"end":{"line":27,"column":10}},"3":{"start":{"line":6,"column":29},"end":{"line":6,"column":38}},"4":{"start":{"line":14,"column":40},"end":{"line":14,"column":49}},"5":{"start":{"line":20,"column":6},"end":{"line":22,"column":7}},"6":{"start":{"line":21,"column":8},"end":{"line":21,"column":42}},"7":{"start":{"line":23,"column":6},"end":{"line":23,"column":15}},"8":{"start":{"line":29,"column":15},"end":{"line":29,"column":50}},"9":{"start":{"line":30,"column":0},"end":{"line":35,"column":1}},"10":{"start":{"line":31,"column":14},"end":{"line":33,"column":45}},"11":{"start":{"line":34,"column":2},"end":{"line":34,"column":23}},"12":{"start":{"line":37,"column":12},"end":{"line":37,"column":23}},"13":{"start":{"line":38,"column":14},"end":{"line":38,"column":40}},"14":{"start":{"line":40,"column":0},"end":{"line":40,"column":32}}},"fnMap":{"0":{"name":"(anonymous_0)","decl":{"start":{"line":6,"column":21},"end":{"line":6,"column":22}},"loc":{"start":{"line":6,"column":29},"end":{"line":6,"column":38}},"line":6},"1":{"name":"(anonymous_1)","decl":{"start":{"line":14,"column":32},"end":{"line":14,"column":33}},"loc":{"start":{"line":14,"column":40},"end":{"line":14,"column":49}},"line":14},"2":{"name":"(anonymous_2)","decl":{"start":{"line":19,"column":4},"end":{"line":19,"column":5}},"loc":{"start":{"line":19,"column":11},"end":{"line":24,"column":5}},"line":19}},"branchMap":{"0":{"loc":{"start":{"line":20,"column":6},"end":{"line":22,"column":7}},"type":"if","locations":[{"start":{"line":20,"column":6},"end":{"line":22,"column":7}},{"start":{},"end":{}}],"line":20},"1":{"loc":{"start":{"line":30,"column":0},"end":{"line":35,"column":1}},"type":"if","locations":[{"start":{"line":30,"column":0},"end":{"line":35,"column":1}},{"start":{},"end":{}}],"line":30}},"s":{"0":2,"1":2,"2":2,"3":2,"4":2,"5":2,"6":2,"7":0,"8":2,"9":2,"10":0,"11":0,"12":2,"13":2,"14":2},"f":{"0":2,"1":2,"2":2},"b":{"0":[2,0],"1":[0,2]},"_coverageSchema":"1a1c01bbd47fc00a2c39e90264f33305004495a9","hash":"4d9ad86699cf5a8f14dd8ca9715a17b9c9614be5"}
,"/Users/biaska/Desktop/Career/Bookme/api/index.js": {"path":"/Users/biaska/Desktop/Career/Bookme/api/index.js","statementMap":{"0":{"start":{"line":1,"column":16},"end":{"line":1,"column":34}},"1":{"start":{"line":2,"column":13},"end":{"line":2,"column":28}},"2":{"start":{"line":3,"column":17},"end":{"line":3,"column":53}},"3":{"start":{"line":4,"column":16},"end":{"line":4,"column":35}},"4":{"start":{"line":5,"column":25},"end":{"line":5,"column":55}},"5":{"start":{"line":7,"column":12},"end":{"line":7,"column":21}},"6":{"start":{"line":9,"column":0},"end":{"line":9,"column":24}},"7":{"start":{"line":10,"column":0},"end":{"line":10,"column":26}},"8":{"start":{"line":12,"column":0},"end":{"line":19,"column":2}},"9":{"start":{"line":22,"column":28},"end":{"line":25,"column":2}},"10":{"start":{"line":28,"column":0},"end":{"line":28,"column":64}},"11":{"start":{"line":28,"column":28},"end":{"line":28,"column":62}},"12":{"start":{"line":31,"column":15},"end":{"line":31,"column":55}},"13":{"start":{"line":32,"column":0},"end":{"line":32,"column":16}},"14":{"start":{"line":35,"column":0},"end":{"line":38,"column":3}},"15":{"start":{"line":36,"column":23},"end":{"line":36,"column":46}},"16":{"start":{"line":37,"column":2},"end":{"line":37,"column":39}},"17":{"start":{"line":40,"column":0},"end":{"line":40,"column":22}},"18":{"start":{"line":42,"column":0},"end":{"line":42,"column":21}}},"fnMap":{"0":{"name":"(anonymous_0)","decl":{"start":{"line":28,"column":13},"end":{"line":28,"column":14}},"loc":{"start":{"line":28,"column":28},"end":{"line":28,"column":62}},"line":28},"1":{"name":"(anonymous_1)","decl":{"start":{"line":35,"column":8},"end":{"line":35,"column":9}},"loc":{"start":{"line":35,"column":30},"end":{"line":38,"column":1}},"line":35}},"branchMap":{},"s":{"0":2,"1":2,"2":2,"3":2,"4":2,"5":2,"6":2,"7":2,"8":2,"9":2,"10":2,"11":1,"12":2,"13":2,"14":2,"15":0,"16":0,"17":2,"18":2},"f":{"0":1,"1":0},"b":{},"_coverageSchema":"1a1c01bbd47fc00a2c39e90264f33305004495a9","hash":"c9b14f6e68bcecda2f2a2e33cb5a7c215f2ac732"}
,"/Users/biaska/Desktop/Career/Bookme/api/routes.js": {"path":"/Users/biaska/Desktop/Career/Bookme/api/routes.js","statementMap":{"0":{"start":{"line":1,"column":16},"end":{"line":1,"column":34}},"1":{"start":{"line":2,"column":13},"end":{"line":2,"column":52}},"2":{"start":{"line":3,"column":25},"end":{"line":3,"column":48}},"3":{"start":{"line":5,"column":0},"end":{"line":29,"column":2}},"4":{"start":{"line":6,"column":17},"end":{"line":6,"column":33}},"5":{"start":{"line":9,"column":2},"end":{"line":9,"column":84}},"6":{"start":{"line":10,"column":2},"end":{"line":10,"column":85}},"7":{"start":{"line":11,"column":2},"end":{"line":11,"column":85}},"8":{"start":{"line":14,"column":2},"end":{"line":14,"column":100}},"9":{"start":{"line":15,"column":2},"end":{"line":15,"column":80}},"10":{"start":{"line":16,"column":2},"end":{"line":16,"column":61}},"11":{"start":{"line":17,"column":2},"end":{"line":17,"column":82}},"12":{"start":{"line":20,"column":2},"end":{"line":20,"column":84}},"13":{"start":{"line":23,"column":2},"end":{"line":23,"column":66}},"14":{"start":{"line":26,"column":2},"end":{"line":26,"column":78}},"15":{"start":{"line":28,"column":2},"end":{"line":28,"column":16}}},"fnMap":{"0":{"name":"(anonymous_0)","decl":{"start":{"line":5,"column":17},"end":{"line":5,"column":18}},"loc":{"start":{"line":5,"column":42},"end":{"line":29,"column":1}},"line":5}},"branchMap":{},"s":{"0":2,"1":2,"2":2,"3":2,"4":2,"5":2,"6":2,"7":2,"8":2,"9":2,"10":2,"11":2,"12":2,"13":2,"14":2,"15":2},"f":{"0":2},"b":{},"_coverageSchema":"1a1c01bbd47fc00a2c39e90264f33305004495a9","hash":"04a5f31bd078560e4173450af971abd735152549"}
,"/Users/biaska/Desktop/Career/Bookme/api/app/businesses.controllers.js": {"path":"/Users/biaska/Desktop/Career/Bookme/api/app/businesses.controllers.js","statementMap":{"0":{"start":{"line":1,"column":17},"end":{"line":1,"column":48}},"1":{"start":{"line":2,"column":21},"end":{"line":2,"column":45}},"2":{"start":{"line":6,"column":15},"end":{"line":6,"column":48}},"3":{"start":{"line":7,"column":2},"end":{"line":7,"column":36}},"4":{"start":{"line":12,"column":14},"end":{"line":12,"column":59}},"5":{"start":{"line":13,"column":2},"end":{"line":13,"column":58}},"6":{"start":{"line":13,"column":12},"end":{"line":13,"column":58}},"7":{"start":{"line":14,"column":2},"end":{"line":14,"column":35}},"8":{"start":{"line":19,"column":2},"end":{"line":19,"column":42}},"9":{"start":{"line":20,"column":2},"end":{"line":20,"column":63}},"10":{"start":{"line":25,"column":15},"end":{"line":25,"column":67}},"11":{"start":{"line":26,"column":2},"end":{"line":26,"column":77}},"12":{"start":{"line":26,"column":20},"end":{"line":26,"column":77}},"13":{"start":{"line":27,"column":2},"end":{"line":27,"column":36}},"14":{"start":{"line":32,"column":15},"end":{"line":32,"column":46}},"15":{"start":{"line":33,"column":2},"end":{"line":33,"column":36}},"16":{"start":{"line":38,"column":14},"end":{"line":38,"column":58}},"17":{"start":{"line":39,"column":2},"end":{"line":39,"column":57}},"18":{"start":{"line":39,"column":12},"end":{"line":39,"column":57}},"19":{"start":{"line":40,"column":2},"end":{"line":40,"column":35}},"20":{"start":{"line":45,"column":2},"end":{"line":45,"column":41}},"21":{"start":{"line":46,"column":2},"end":{"line":46,"column":62}},"22":{"start":{"line":51,"column":17},"end":{"line":51,"column":56}},"23":{"start":{"line":52,"column":2},"end":{"line":52,"column":38}},"24":{"start":{"line":57,"column":39},"end":{"line":57,"column":53}},"25":{"start":{"line":58,"column":2},"end":{"line":58,"column":64}},"26":{"start":{"line":58,"column":16},"end":{"line":58,"column":64}},"27":{"start":{"line":59,"column":15},"end":{"line":59,"column":76}},"28":{"start":{"line":60,"column":2},"end":{"line":60,"column":36}},"29":{"start":{"line":65,"column":2},"end":{"line":65,"column":33}},"30":{"start":{"line":66,"column":2},"end":{"line":66,"column":61}},"31":{"start":{"line":69,"column":0},"end":{"line":80,"column":2}}},"fnMap":{"0":{"name":"listBusinesses","decl":{"start":{"line":5,"column":15},"end":{"line":5,"column":29}},"loc":{"start":{"line":5,"column":40},"end":{"line":8,"column":1}},"line":5},"1":{"name":"getBusiness","decl":{"start":{"line":11,"column":15},"end":{"line":11,"column":26}},"loc":{"start":{"line":11,"column":37},"end":{"line":15,"column":1}},"line":11},"2":{"name":"createBusiness","decl":{"start":{"line":18,"column":15},"end":{"line":18,"column":29}},"loc":{"start":{"line":18,"column":40},"end":{"line":21,"column":1}},"line":18},"3":{"name":"listBusinessServices","decl":{"start":{"line":24,"column":15},"end":{"line":24,"column":35}},"loc":{"start":{"line":24,"column":46},"end":{"line":28,"column":1}},"line":24},"4":{"name":"listServices","decl":{"start":{"line":31,"column":15},"end":{"line":31,"column":27}},"loc":{"start":{"line":31,"column":39},"end":{"line":34,"column":1}},"line":31},"5":{"name":"getService","decl":{"start":{"line":37,"column":15},"end":{"line":37,"column":25}},"loc":{"start":{"line":37,"column":36},"end":{"line":41,"column":1}},"line":37},"6":{"name":"createService","decl":{"start":{"line":44,"column":15},"end":{"line":44,"column":28}},"loc":{"start":{"line":44,"column":39},"end":{"line":47,"column":1}},"line":44},"7":{"name":"createSchedule","decl":{"start":{"line":50,"column":15},"end":{"line":50,"column":29}},"loc":{"start":{"line":50,"column":40},"end":{"line":53,"column":1}},"line":50},"8":{"name":"searchNearbyServices","decl":{"start":{"line":56,"column":15},"end":{"line":56,"column":35}},"loc":{"start":{"line":56,"column":46},"end":{"line":61,"column":1}},"line":56},"9":{"name":"resetDatabase","decl":{"start":{"line":64,"column":15},"end":{"line":64,"column":28}},"loc":{"start":{"line":64,"column":40},"end":{"line":67,"column":1}},"line":64}},"branchMap":{"0":{"loc":{"start":{"line":13,"column":2},"end":{"line":13,"column":58}},"type":"if","locations":[{"start":{"line":13,"column":2},"end":{"line":13,"column":58}},{"start":{},"end":{}}],"line":13},"1":{"loc":{"start":{"line":26,"column":2},"end":{"line":26,"column":77}},"type":"if","locations":[{"start":{"line":26,"column":2},"end":{"line":26,"column":77}},{"start":{},"end":{}}],"line":26},"2":{"loc":{"start":{"line":39,"column":2},"end":{"line":39,"column":57}},"type":"if","locations":[{"start":{"line":39,"column":2},"end":{"line":39,"column":57}},{"start":{},"end":{}}],"line":39},"3":{"loc":{"start":{"line":57,"column":39},"end":{"line":57,"column":53}},"type":"binary-expr","locations":[{"start":{"line":57,"column":39},"end":{"line":57,"column":47}},{"start":{"line":57,"column":51},"end":{"line":57,"column":53}}],"line":57},"4":{"loc":{"start":{"line":58,"column":2},"end":{"line":58,"column":64}},"type":"if","locations":[{"start":{"line":58,"column":2},"end":{"line":58,"column":64}},{"start":{},"end":{}}],"line":58}},"s":{"0":2,"1":2,"2":0,"3":0,"4":0,"5":0,"6":0,"7":0,"8":0,"9":0,"10":0,"11":0,"12":0,"13":0,"14":0,"15":0,"16":0,"17":0,"18":0,"19":0,"20":0,"21":0,"22":0,"23":0,"24":2,"25":2,"26":0,"27":2,"28":2,"29":0,"30":0,"31":2},"f":{"0":0,"1":0,"2":0,"3":0,"4":0,"5":0,"6":0,"7":0,"8":2,"9":0},"b":{"0":[0,0],"1":[0,0],"2":[0,0],"3":[2,0],"4":[0,2]},"_coverageSchema":"1a1c01bbd47fc00a2c39e90264f33305004495a9","hash":"b870eedf2bd80da0297e2e7c16aef46300ba5ad4"}
,"/Users/biaska/Desktop/Career/Bookme/api/app/businesses.model.js": {"path":"/Users/biaska/Desktop/Career/Bookme/api/app/businesses.model.js","statementMap":{"0":{"start":{"line":1,"column":11},"end":{"line":1,"column":30}},"1":{"start":{"line":2,"column":16},"end":{"line":2,"column":48}},"2":{"start":{"line":6,"column":19},"end":{"line":6,"column":64}},"3":{"start":{"line":7,"column":2},"end":{"line":7,"column":14}},"4":{"start":{"line":11,"column":12},"end":{"line":11,"column":63}},"5":{"start":{"line":12,"column":2},"end":{"line":12,"column":19}},"6":{"start":{"line":16,"column":2},"end":{"line":16,"column":61}},"7":{"start":{"line":20,"column":19},"end":{"line":20,"column":83}},"8":{"start":{"line":21,"column":2},"end":{"line":21,"column":14}},"9":{"start":{"line":26,"column":12},"end":{"line":26,"column":74}},"10":{"start":{"line":27,"column":2},"end":{"line":27,"column":16}},"11":{"start":{"line":31,"column":19},"end":{"line":31,"column":62}},"12":{"start":{"line":32,"column":2},"end":{"line":32,"column":14}},"13":{"start":{"line":36,"column":12},"end":{"line":36,"column":61}},"14":{"start":{"line":37,"column":2},"end":{"line":37,"column":19}},"15":{"start":{"line":41,"column":2},"end":{"line":41,"column":59}},"16":{"start":{"line":46,"column":19},"end":{"line":46,"column":100}},"17":{"start":{"line":47,"column":2},"end":{"line":47,"column":14}},"18":{"start":{"line":50,"column":0},"end":{"line":60,"column":2}}},"fnMap":{"0":{"name":"getAllBusinesses","decl":{"start":{"line":5,"column":15},"end":{"line":5,"column":31}},"loc":{"start":{"line":5,"column":34},"end":{"line":8,"column":1}},"line":5},"1":{"name":"getBusinessById","decl":{"start":{"line":10,"column":15},"end":{"line":10,"column":30}},"loc":{"start":{"line":10,"column":35},"end":{"line":13,"column":1}},"line":10},"2":{"name":"createBusiness","decl":{"start":{"line":15,"column":15},"end":{"line":15,"column":29}},"loc":{"start":{"line":15,"column":43},"end":{"line":17,"column":1}},"line":15},"3":{"name":"searchBusinessesWithinRadius","decl":{"start":{"line":19,"column":15},"end":{"line":19,"column":43}},"loc":{"start":{"line":19,"column":76},"end":{"line":22,"column":1}},"line":19},"4":{"name":"getServicesByBusinessId","decl":{"start":{"line":25,"column":15},"end":{"line":25,"column":38}},"loc":{"start":{"line":25,"column":51},"end":{"line":28,"column":1}},"line":25},"5":{"name":"getAllServices","decl":{"start":{"line":30,"column":15},"end":{"line":30,"column":29}},"loc":{"start":{"line":30,"column":32},"end":{"line":33,"column":1}},"line":30},"6":{"name":"getServiceById","decl":{"start":{"line":35,"column":15},"end":{"line":35,"column":29}},"loc":{"start":{"line":35,"column":34},"end":{"line":38,"column":1}},"line":35},"7":{"name":"createService","decl":{"start":{"line":40,"column":15},"end":{"line":40,"column":28}},"loc":{"start":{"line":40,"column":42},"end":{"line":42,"column":1}},"line":40},"8":{"name":"getServicesByBusinessIds","decl":{"start":{"line":45,"column":15},"end":{"line":45,"column":39}},"loc":{"start":{"line":45,"column":62},"end":{"line":48,"column":1}},"line":45}},"branchMap":{"0":{"loc":{"start":{"line":46,"column":83},"end":{"line":46,"column":98}},"type":"binary-expr","locations":[{"start":{"line":46,"column":83},"end":{"line":46,"column":90}},{"start":{"line":46,"column":94},"end":{"line":46,"column":98}}],"line":46}},"s":{"0":2,"1":2,"2":0,"3":0,"4":0,"5":0,"6":0,"7":2,"8":2,"9":0,"10":0,"11":0,"12":0,"13":0,"14":0,"15":0,"16":1,"17":1,"18":2},"f":{"0":0,"1":0,"2":0,"3":2,"4":0,"5":0,"6":0,"7":0,"8":1},"b":{"0":[1,1]},"_coverageSchema":"1a1c01bbd47fc00a2c39e90264f33305004495a9","hash":"bd5682c442ae4c4f9b290546db3e3a3ea216cd0c"}
,"/Users/biaska/Desktop/Career/Bookme/api/app/businesses.service.js": {"path":"/Users/biaska/Desktop/Career/Bookme/api/app/businesses.service.js","statementMap":{"0":{"start":{"line":1,"column":14},"end":{"line":1,"column":43}},"1":{"start":{"line":2,"column":23},"end":{"line":2,"column":50}},"2":{"start":{"line":4,"column":26},"end":{"line":4,"column":34}},"3":{"start":{"line":7,"column":15},"end":{"line":7,"column":45}},"4":{"start":{"line":8,"column":2},"end":{"line":8,"column":14}},"5":{"start":{"line":12,"column":14},"end":{"line":12,"column":45}},"6":{"start":{"line":13,"column":2},"end":{"line":13,"column":21}},"7":{"start":{"line":17,"column":17},"end":{"line":17,"column":55}},"8":{"start":{"line":17,"column":53},"end":{"line":17,"column":54}},"9":{"start":{"line":18,"column":2},"end":{"line":18,"column":37}},"10":{"start":{"line":22,"column":2},"end":{"line":22,"column":51}},"11":{"start":{"line":26,"column":2},"end":{"line":26,"column":32}},"12":{"start":{"line":30,"column":2},"end":{"line":30,"column":34}},"13":{"start":{"line":34,"column":17},"end":{"line":34,"column":55}},"14":{"start":{"line":34,"column":53},"end":{"line":34,"column":54}},"15":{"start":{"line":35,"column":2},"end":{"line":35,"column":36}},"16":{"start":{"line":40,"column":23},"end":{"line":40,"column":62}},"17":{"start":{"line":41,"column":2},"end":{"line":41,"column":76}},"18":{"start":{"line":45,"column":34},"end":{"line":45,"column":63}},"19":{"start":{"line":46,"column":21},"end":{"line":46,"column":86}},"20":{"start":{"line":48,"column":22},"end":{"line":48,"column":49}},"21":{"start":{"line":48,"column":44},"end":{"line":48,"column":48}},"22":{"start":{"line":49,"column":2},"end":{"line":49,"column":42}},"23":{"start":{"line":49,"column":32},"end":{"line":49,"column":42}},"24":{"start":{"line":51,"column":19},"end":{"line":51,"column":77}},"25":{"start":{"line":52,"column":2},"end":{"line":52,"column":17}},"26":{"start":{"line":55,"column":0},"end":{"line":65,"column":2}}},"fnMap":{"0":{"name":"getAllBusinesses","decl":{"start":{"line":6,"column":15},"end":{"line":6,"column":31}},"loc":{"start":{"line":6,"column":34},"end":{"line":9,"column":1}},"line":6},"1":{"name":"getBusinessById","decl":{"start":{"line":11,"column":15},"end":{"line":11,"column":30}},"loc":{"start":{"line":11,"column":35},"end":{"line":14,"column":1}},"line":11},"2":{"name":"createBusiness","decl":{"start":{"line":16,"column":15},"end":{"line":16,"column":29}},"loc":{"start":{"line":16,"column":36},"end":{"line":19,"column":1}},"line":16},"3":{"name":"(anonymous_3)","decl":{"start":{"line":17,"column":42},"end":{"line":17,"column":43}},"loc":{"start":{"line":17,"column":53},"end":{"line":17,"column":54}},"line":17},"4":{"name":"getServicesForBusiness","decl":{"start":{"line":21,"column":15},"end":{"line":21,"column":37}},"loc":{"start":{"line":21,"column":50},"end":{"line":23,"column":1}},"line":21},"5":{"name":"getAllServices","decl":{"start":{"line":25,"column":15},"end":{"line":25,"column":29}},"loc":{"start":{"line":25,"column":32},"end":{"line":27,"column":1}},"line":25},"6":{"name":"getServiceById","decl":{"start":{"line":29,"column":15},"end":{"line":29,"column":29}},"loc":{"start":{"line":29,"column":34},"end":{"line":31,"column":1}},"line":29},"7":{"name":"createService","decl":{"start":{"line":33,"column":15},"end":{"line":33,"column":28}},"loc":{"start":{"line":33,"column":35},"end":{"line":36,"column":1}},"line":33},"8":{"name":"(anonymous_8)","decl":{"start":{"line":34,"column":42},"end":{"line":34,"column":43}},"loc":{"start":{"line":34,"column":53},"end":{"line":34,"column":54}},"line":34},"9":{"name":"getBusinessesWithinRadius","decl":{"start":{"line":39,"column":15},"end":{"line":39,"column":40}},"loc":{"start":{"line":39,"column":72},"end":{"line":42,"column":1}},"line":39},"10":{"name":"searchNearbyServices","decl":{"start":{"line":44,"column":15},"end":{"line":44,"column":35}},"loc":{"start":{"line":44,"column":67},"end":{"line":53,"column":1}},"line":44},"11":{"name":"(anonymous_11)","decl":{"start":{"line":48,"column":37},"end":{"line":48,"column":38}},"loc":{"start":{"line":48,"column":44},"end":{"line":48,"column":48}},"line":48}},"branchMap":{"0":{"loc":{"start":{"line":13,"column":9},"end":{"line":13,"column":20}},"type":"binary-expr","locations":[{"start":{"line":13,"column":9},"end":{"line":13,"column":12}},{"start":{"line":13,"column":16},"end":{"line":13,"column":20}}],"line":13},"1":{"loc":{"start":{"line":49,"column":2},"end":{"line":49,"column":42}},"type":"if","locations":[{"start":{"line":49,"column":2},"end":{"line":49,"column":42}},{"start":{},"end":{}}],"line":49}},"s":{"0":2,"1":2,"2":2,"3":0,"4":0,"5":0,"6":0,"7":0,"8":0,"9":0,"10":0,"11":0,"12":0,"13":0,"14":0,"15":0,"16":2,"17":2,"18":2,"19":2,"20":2,"21":1,"22":2,"23":1,"24":1,"25":1,"26":2},"f":{"0":0,"1":0,"2":0,"3":0,"4":0,"5":0,"6":0,"7":0,"8":0,"9":2,"10":2,"11":1},"b":{"0":[0,0],"1":[1,1]},"_coverageSchema":"1a1c01bbd47fc00a2c39e90264f33305004495a9","hash":"05825e43c50bf54b8650775bd6ae054bf40ce712"}
,"/Users/biaska/Desktop/Career/Bookme/api/db/db.js": {"path":"/Users/biaska/Desktop/Career/Bookme/api/db/db.js","statementMap":{"0":{"start":{"line":1,"column":16},"end":{"line":1,"column":44}},"1":{"start":{"line":2,"column":17},"end":{"line":2,"column":30}},"2":{"start":{"line":3,"column":23},"end":{"line":3,"column":43}},"3":{"start":{"line":5,"column":13},"end":{"line":12,"column":2}},"4":{"start":{"line":16,"column":2},"end":{"line":16,"column":34}},"5":{"start":{"line":21,"column":17},"end":{"line":21,"column":37}},"6":{"start":{"line":22,"column":2},"end":{"line":26,"column":3}},"7":{"start":{"line":23,"column":4},"end":{"line":23,"column":28}},"8":{"start":{"line":25,"column":4},"end":{"line":25,"column":21}},"9":{"start":{"line":31,"column":2},"end":{"line":37,"column":5}},"10":{"start":{"line":32,"column":4},"end":{"line":32,"column":32}},"11":{"start":{"line":33,"column":4},"end":{"line":33,"column":55}},"12":{"start":{"line":33,"column":22},"end":{"line":33,"column":55}},"13":{"start":{"line":34,"column":4},"end":{"line":34,"column":75}},"14":{"start":{"line":34,"column":32},"end":{"line":34,"column":75}},"15":{"start":{"line":35,"column":4},"end":{"line":35,"column":79}},"16":{"start":{"line":35,"column":34},"end":{"line":35,"column":79}},"17":{"start":{"line":36,"column":4},"end":{"line":36,"column":33}},"18":{"start":{"line":41,"column":2},"end":{"line":41,"column":19}},"19":{"start":{"line":44,"column":0},"end":{"line":44,"column":71}}},"fnMap":{"0":{"name":"query","decl":{"start":{"line":15,"column":15},"end":{"line":15,"column":20}},"loc":{"start":{"line":15,"column":35},"end":{"line":17,"column":1}},"line":15},"1":{"name":"withClient","decl":{"start":{"line":20,"column":15},"end":{"line":20,"column":25}},"loc":{"start":{"line":20,"column":30},"end":{"line":27,"column":1}},"line":20},"2":{"name":"resetDatabase","decl":{"start":{"line":30,"column":15},"end":{"line":30,"column":28}},"loc":{"start":{"line":30,"column":31},"end":{"line":38,"column":1}},"line":30},"3":{"name":"(anonymous_3)","decl":{"start":{"line":31,"column":19},"end":{"line":31,"column":20}},"loc":{"start":{"line":31,"column":37},"end":{"line":37,"column":3}},"line":31},"4":{"name":"closePool","decl":{"start":{"line":40,"column":15},"end":{"line":40,"column":24}},"loc":{"start":{"line":40,"column":27},"end":{"line":42,"column":1}},"line":40}},"branchMap":{"0":{"loc":{"start":{"line":33,"column":4},"end":{"line":33,"column":55}},"type":"if","locations":[{"start":{"line":33,"column":4},"end":{"line":33,"column":55}},{"start":{},"end":{}}],"line":33},"1":{"loc":{"start":{"line":34,"column":4},"end":{"line":34,"column":75}},"type":"if","locations":[{"start":{"line":34,"column":4},"end":{"line":34,"column":75}},{"start":{},"end":{}}],"line":34},"2":{"loc":{"start":{"line":35,"column":4},"end":{"line":35,"column":79}},"type":"if","locations":[{"start":{"line":35,"column":4},"end":{"line":35,"column":79}},{"start":{},"end":{}}],"line":35}},"s":{"0":2,"1":2,"2":2,"3":2,"4":3,"5":5,"6":5,"7":5,"8":5,"9":5,"10":5,"11":5,"12":5,"13":5,"14":5,"15":5,"16":5,"17":5,"18":2,"19":2},"f":{"0":3,"1":5,"2":5,"3":5,"4":2},"b":{"0":[5,0],"1":[5,0],"2":[5,0]},"_coverageSchema":"1a1c01bbd47fc00a2c39e90264f33305004495a9","hash":"c0ccd0a8b670bf6cdbe1b6a93ecefc75a9dee468"}
,"/Users/biaska/Desktop/Career/Bookme/api/db/sql-queries.cjs": {"path":"/Users/biaska/Desktop/Career/Bookme/api/db/sql-queries.cjs","statementMap":{"0":{"start":{"line":1,"column":16},"end":{"line":162,"column":1}},"1":{"start":{"line":164,"column":0},"end":{"line":164,"column":24}}},"fnMap":{},"branchMap":{},"s":{"0":2,"1":2},"f":{},"b":{},"inputSourceMap":null,"_coverageSchema":"1a1c01bbd47fc00a2c39e90264f33305004495a9","hash":"557b9f8cbf05209e3121143244fe8faf5ee4c62f"}
,"/Users/biaska/Desktop/Career/Bookme/api/middlewares/error.js": {"path":"/Users/biaska/Desktop/Career/Bookme/api/middlewares/error.js","statementMap":{"0":{"start":{"line":3,"column":17},"end":{"line":3,"column":90}},"1":{"start":{"line":5,"column":18},"end":{"line":8,"column":3}},"2":{"start":{"line":10,"column":2},"end":{"line":12,"column":3}},"3":{"start":{"line":11,"column":4},"end":{"line":11,"column":30}},"4":{"start":{"line":14,"column":2},"end":{"line":14,"column":21}},"5":{"start":{"line":16,"column":2},"end":{"line":16,"column":35}},"6":{"start":{"line":19,"column":0},"end":{"line":19,"column":34}}},"fnMap":{"0":{"name":"errorHandler","decl":{"start":{"line":1,"column":9},"end":{"line":1,"column":21}},"loc":{"start":{"line":1,"column":44},"end":{"line":17,"column":1}},"line":1}},"branchMap":{"0":{"loc":{"start":{"line":3,"column":17},"end":{"line":3,"column":90}},"type":"cond-expr","locations":[{"start":{"line":3,"column":70},"end":{"line":3,"column":84}},{"start":{"line":3,"column":87},"end":{"line":3,"column":90}}],"line":3},"1":{"loc":{"start":{"line":3,"column":17},"end":{"line":3,"column":67}},"type":"binary-expr","locations":[{"start":{"line":3,"column":17},"end":{"line":3,"column":31}},{"start":{"line":3,"column":35},"end":{"line":3,"column":67}}],"line":3},"2":{"loc":{"start":{"line":6,"column":11},"end":{"line":6,"column":30}},"type":"binary-expr","locations":[{"start":{"line":6,"column":11},"end":{"line":6,"column":19}},{"start":{"line":6,"column":23},"end":{"line":6,"column":30}}],"line":6},"3":{"loc":{"start":{"line":7,"column":13},"end":{"line":7,"column":51}},"type":"binary-expr","locations":[{"start":{"line":7,"column":13},"end":{"line":7,"column":24}},{"start":{"line":7,"column":28},"end":{"line":7,"column":51}}],"line":7},"4":{"loc":{"start":{"line":10,"column":2},"end":{"line":12,"column":3}},"type":"if","locations":[{"start":{"line":10,"column":2},"end":{"line":12,"column":3}},{"start":{},"end":{}}],"line":10},"5":{"loc":{"start":{"line":10,"column":6},"end":{"line":10,"column":56}},"type":"binary-expr","locations":[{"start":{"line":10,"column":6},"end":{"line":10,"column":43}},{"start":{"line":10,"column":47},"end":{"line":10,"column":56}}],"line":10}},"s":{"0":0,"1":0,"2":0,"3":0,"4":0,"5":0,"6":2},"f":{"0":0},"b":{"0":[0,0],"1":[0,0],"2":[0,0],"3":[0,0],"4":[0,0],"5":[0,0]},"_coverageSchema":"1a1c01bbd47fc00a2c39e90264f33305004495a9","hash":"6ca52c1e6fc84d041a3668c116d192afab37f1b6"}
,"/Users/biaska/Desktop/Career/Bookme/api/utils/geocode.js": {"path":"/Users/biaska/Desktop/Career/Bookme/api/utils/geocode.js","statementMap":{"0":{"start":{"line":1,"column":21},"end":{"line":1,"column":45}},"1":{"start":{"line":3,"column":17},"end":{"line":9,"column":2}},"2":{"start":{"line":16,"column":23},"end":{"line":27,"column":1}},"3":{"start":{"line":17,"column":4},"end":{"line":26,"column":5}},"4":{"start":{"line":18,"column":28},"end":{"line":21,"column":10}},"5":{"start":{"line":22,"column":8},"end":{"line":22,"column":30}},"6":{"start":{"line":24,"column":8},"end":{"line":24,"column":29}},"7":{"start":{"line":25,"column":8},"end":{"line":25,"column":53}},"8":{"start":{"line":29,"column":0},"end":{"line":29,"column":31}}},"fnMap":{"0":{"name":"(anonymous_0)","decl":{"start":{"line":16,"column":23},"end":{"line":16,"column":24}},"loc":{"start":{"line":16,"column":42},"end":{"line":27,"column":1}},"line":16}},"branchMap":{},"s":{"0":1,"1":1,"2":1,"3":0,"4":0,"5":0,"6":0,"7":0,"8":1},"f":{"0":0},"b":{},"_coverageSchema":"1a1c01bbd47fc00a2c39e90264f33305004495a9","hash":"38a432773d1ec0be8660062eae27c401d9351e62"}
,"/Users/biaska/Desktop/Career/Bookme/api/utils/http.js": {"path":"/Users/biaska/Desktop/Career/Bookme/api/utils/http.js","statementMap":{"0":{"start":{"line":2,"column":2},"end":{"line":4,"column":4}},"1":{"start":{"line":3,"column":4},"end":{"line":3,"column":52}},"2":{"start":{"line":9,"column":4},"end":{"line":9,"column":19}},"3":{"start":{"line":10,"column":4},"end":{"line":10,"column":33}},"4":{"start":{"line":14,"column":0},"end":{"line":14,"column":44}}},"fnMap":{"0":{"name":"asyncHandler","decl":{"start":{"line":1,"column":9},"end":{"line":1,"column":21}},"loc":{"start":{"line":1,"column":26},"end":{"line":5,"column":1}},"line":1},"1":{"name":"wrapped","decl":{"start":{"line":2,"column":18},"end":{"line":2,"column":25}},"loc":{"start":{"line":2,"column":42},"end":{"line":4,"column":3}},"line":2},"2":{"name":"(anonymous_2)","decl":{"start":{"line":8,"column":2},"end":{"line":8,"column":3}},"loc":{"start":{"line":8,"column":35},"end":{"line":11,"column":3}},"line":8}},"branchMap":{},"s":{"0":20,"1":2,"2":0,"3":0,"4":2},"f":{"0":20,"1":2,"2":0},"b":{},"_coverageSchema":"1a1c01bbd47fc00a2c39e90264f33305004495a9","hash":"078cada6054a3ab3a844f86e81b549852ccc530c"}
}
