{"/Users/biaska/Desktop/Career/Bookme/api/config.js": {"path":"/Users/biaska/Desktop/Career/Bookme/api/config.js","statementMap":{"0":{"start":{"line":1,"column":0},"end":{"line":1,"column":27}},"1":{"start":{"line":2,"column":10},"end":{"line":2,"column":24}},"2":{"start":{"line":4,"column":21},"end":{"line":27,"column":10}},"3":{"start":{"line":6,"column":29},"end":{"line":6,"column":38}},"4":{"start":{"line":14,"column":40},"end":{"line":14,"column":49}},"5":{"start":{"line":20,"column":6},"end":{"line":22,"column":7}},"6":{"start":{"line":21,"column":8},"end":{"line":21,"column":42}},"7":{"start":{"line":23,"column":6},"end":{"line":23,"column":15}},"8":{"start":{"line":29,"column":15},"end":{"line":29,"column":50}},"9":{"start":{"line":30,"column":0},"end":{"line":35,"column":1}},"10":{"start":{"line":31,"column":14},"end":{"line":33,"column":45}},"11":{"start":{"line":34,"column":2},"end":{"line":34,"column":23}},"12":{"start":{"line":37,"column":12},"end":{"line":37,"column":23}},"13":{"start":{"line":38,"column":14},"end":{"line":38,"column":40}},"14":{"start":{"line":40,"column":0},"end":{"line":40,"column":32}}},"fnMap":{"0":{"name":"(anonymous_0)","decl":{"start":{"line":6,"column":21},"end":{"line":6,"column":22}},"loc":{"start":{"line":6,"column":29},"end":{"line":6,"column":38}},"line":6},"1":{"name":"(anonymous_1)","decl":{"start":{"line":14,"column":32},"end":{"line":14,"column":33}},"loc":{"start":{"line":14,"column":40},"end":{"line":14,"column":49}},"line":14},"2":{"name":"(anonymous_2)","decl":{"start":{"line":19,"column":4},"end":{"line":19,"column":5}},"loc":{"start":{"line":19,"column":11},"end":{"line":24,"column":5}},"line":19}},"branchMap":{"0":{"loc":{"start":{"line":20,"column":6},"end":{"line":22,"column":7}},"type":"if","locations":[{"start":{"line":20,"column":6},"end":{"line":22,"column":7}},{"start":{},"end":{}}],"line":20},"1":{"loc":{"start":{"line":30,"column":0},"end":{"line":35,"column":1}},"type":"if","locations":[{"start":{"line":30,"column":0},"end":{"line":35,"column":1}},{"start":{},"end":{}}],"line":30}},"s":{"0":2,"1":2,"2":2,"3":2,"4":2,"5":2,"6":2,"7":0,"8":2,"9":2,"10":0,"11":0,"12":2,"13":2,"14":2},"f":{"0":2,"1":2,"2":2},"b":{"0":[2,0],"1":[0,2]},"_coverageSchema":"1a1c01bbd47fc00a2c39e90264f33305004495a9","hash":"4d9ad86699cf5a8f14dd8ca9715a17b9c9614be5"}
,"/Users/biaska/Desktop/Career/Bookme/api/controllers.js": {"path":"/Users/biaska/Desktop/Career/Bookme/api/controllers.js","statementMap":{"0":{"start":{"line":1,"column":11},"end":{"line":1,"column":29}},"1":{"start":{"line":3,"column":23},"end":{"line":9,"column":2}},"2":{"start":{"line":3,"column":53},"end":{"line":3,"column":69}},"3":{"start":{"line":4,"column":17},"end":{"line":4,"column":79}},"4":{"start":{"line":5,"column":2},"end":{"line":9,"column":1}},"5":{"start":{"line":6,"column":4},"end":{"line":6,"column":29}},"6":{"start":{"line":8,"column":4},"end":{"line":8,"column":40}},"7":{"start":{"line":11,"column":26},"end":{"line":11,"column":34}},"8":{"start":{"line":21,"column":23},"end":{"line":21,"column":62}},"9":{"start":{"line":23,"column":14},"end":{"line":29,"column":3}},"10":{"start":{"line":32,"column":19},"end":{"line":32,"column":83}},"11":{"start":{"line":33,"column":2},"end":{"line":33,"column":14}},"12":{"start":{"line":36,"column":0},"end":{"line":40,"column":1}}},"fnMap":{"0":{"name":"(anonymous_0)","decl":{"start":{"line":3,"column":23},"end":{"line":3,"column":24}},"loc":{"start":{"line":3,"column":42},"end":{"line":9,"column":2}},"line":3},"1":{"name":"getBusinessesWithinRadius","decl":{"start":{"line":20,"column":15},"end":{"line":20,"column":40}},"loc":{"start":{"line":20,"column":83},"end":{"line":34,"column":1}},"line":20}},"branchMap":{"0":{"loc":{"start":{"line":5,"column":2},"end":{"line":9,"column":1}},"type":"if","locations":[{"start":{"line":5,"column":2},"end":{"line":9,"column":1}},{"start":{"line":7,"column":9},"end":{"line":9,"column":1}}],"line":5}},"s":{"0":2,"1":2,"2":0,"3":0,"4":0,"5":0,"6":0,"7":2,"8":2,"9":2,"10":2,"11":2,"12":2},"f":{"0":0,"1":2},"b":{"0":[0,0]},"_coverageSchema":"1a1c01bbd47fc00a2c39e90264f33305004495a9","hash":"a48d71a2d6f5fc59d26a5bef7ed10b88ef133901"}
,"/Users/biaska/Desktop/Career/Bookme/api/db.js": {"path":"/Users/biaska/Desktop/Career/Bookme/api/db.js","statementMap":{"0":{"start":{"line":1,"column":16},"end":{"line":1,"column":44}},"1":{"start":{"line":2,"column":17},"end":{"line":2,"column":30}},"2":{"start":{"line":3,"column":23},"end":{"line":3,"column":42}},"3":{"start":{"line":5,"column":13},"end":{"line":12,"column":2}},"4":{"start":{"line":16,"column":2},"end":{"line":16,"column":34}},"5":{"start":{"line":21,"column":17},"end":{"line":21,"column":37}},"6":{"start":{"line":22,"column":2},"end":{"line":26,"column":3}},"7":{"start":{"line":23,"column":4},"end":{"line":23,"column":28}},"8":{"start":{"line":25,"column":4},"end":{"line":25,"column":21}},"9":{"start":{"line":31,"column":2},"end":{"line":37,"column":5}},"10":{"start":{"line":32,"column":4},"end":{"line":32,"column":32}},"11":{"start":{"line":33,"column":4},"end":{"line":33,"column":55}},"12":{"start":{"line":33,"column":22},"end":{"line":33,"column":55}},"13":{"start":{"line":34,"column":4},"end":{"line":34,"column":75}},"14":{"start":{"line":34,"column":32},"end":{"line":34,"column":75}},"15":{"start":{"line":35,"column":4},"end":{"line":35,"column":79}},"16":{"start":{"line":35,"column":34},"end":{"line":35,"column":79}},"17":{"start":{"line":36,"column":4},"end":{"line":36,"column":33}},"18":{"start":{"line":38,"column":2},"end":{"line":38,"column":32}},"19":{"start":{"line":42,"column":2},"end":{"line":42,"column":19}},"20":{"start":{"line":45,"column":0},"end":{"line":45,"column":71}}},"fnMap":{"0":{"name":"query","decl":{"start":{"line":15,"column":15},"end":{"line":15,"column":20}},"loc":{"start":{"line":15,"column":35},"end":{"line":17,"column":1}},"line":15},"1":{"name":"withClient","decl":{"start":{"line":20,"column":15},"end":{"line":20,"column":25}},"loc":{"start":{"line":20,"column":30},"end":{"line":27,"column":1}},"line":20},"2":{"name":"resetDatabase","decl":{"start":{"line":30,"column":15},"end":{"line":30,"column":28}},"loc":{"start":{"line":30,"column":31},"end":{"line":39,"column":1}},"line":30},"3":{"name":"(anonymous_3)","decl":{"start":{"line":31,"column":19},"end":{"line":31,"column":20}},"loc":{"start":{"line":31,"column":37},"end":{"line":37,"column":3}},"line":31},"4":{"name":"closePool","decl":{"start":{"line":41,"column":15},"end":{"line":41,"column":24}},"loc":{"start":{"line":41,"column":27},"end":{"line":43,"column":1}},"line":41}},"branchMap":{"0":{"loc":{"start":{"line":33,"column":4},"end":{"line":33,"column":55}},"type":"if","locations":[{"start":{"line":33,"column":4},"end":{"line":33,"column":55}},{"start":{},"end":{}}],"line":33},"1":{"loc":{"start":{"line":34,"column":4},"end":{"line":34,"column":75}},"type":"if","locations":[{"start":{"line":34,"column":4},"end":{"line":34,"column":75}},{"start":{},"end":{}}],"line":34},"2":{"loc":{"start":{"line":35,"column":4},"end":{"line":35,"column":79}},"type":"if","locations":[{"start":{"line":35,"column":4},"end":{"line":35,"column":79}},{"start":{},"end":{}}],"line":35}},"s":{"0":2,"1":2,"2":2,"3":2,"4":3,"5":5,"6":5,"7":5,"8":5,"9":5,"10":5,"11":5,"12":5,"13":5,"14":5,"15":5,"16":5,"17":5,"18":5,"19":2,"20":2},"f":{"0":3,"1":5,"2":5,"3":5,"4":2},"b":{"0":[5,0],"1":[5,0],"2":[5,0]},"_coverageSchema":"1a1c01bbd47fc00a2c39e90264f33305004495a9","hash":"dab61e7ce89c705a239dfe7142a156186f5892fd"}
,"/Users/biaska/Desktop/Career/Bookme/api/index.js": {"path":"/Users/biaska/Desktop/Career/Bookme/api/index.js","statementMap":{"0":{"start":{"line":1,"column":16},"end":{"line":1,"column":34}},"1":{"start":{"line":2,"column":12},"end":{"line":2,"column":21}},"2":{"start":{"line":3,"column":13},"end":{"line":3,"column":28}},"3":{"start":{"line":4,"column":17},"end":{"line":4,"column":53}},"4":{"start":{"line":5,"column":11},"end":{"line":5,"column":29}},"5":{"start":{"line":6,"column":16},"end":{"line":6,"column":44}},"6":{"start":{"line":7,"column":14},"end":{"line":7,"column":90}},"7":{"start":{"line":7,"column":27},"end":{"line":7,"column":90}},"8":{"start":{"line":7,"column":75},"end":{"line":7,"column":89}},"9":{"start":{"line":8,"column":21},"end":{"line":8,"column":45}},"10":{"start":{"line":9,"column":24},"end":{"line":9,"column":53}},"11":{"start":{"line":10,"column":38},"end":{"line":10,"column":65}},"12":{"start":{"line":11,"column":28},"end":{"line":11,"column":71}},"13":{"start":{"line":12,"column":16},"end":{"line":12,"column":38}},"14":{"start":{"line":15,"column":17},"end":{"line":18,"column":2}},"15":{"start":{"line":20,"column":13},"end":{"line":20,"column":35}},"16":{"start":{"line":21,"column":26},"end":{"line":21,"column":47}},"17":{"start":{"line":24,"column":0},"end":{"line":24,"column":24}},"18":{"start":{"line":25,"column":0},"end":{"line":25,"column":26}},"19":{"start":{"line":29,"column":28},"end":{"line":32,"column":2}},"20":{"start":{"line":35,"column":0},"end":{"line":42,"column":2}},"21":{"start":{"line":44,"column":0},"end":{"line":44,"column":30}},"22":{"start":{"line":46,"column":0},"end":{"line":48,"column":2}},"23":{"start":{"line":47,"column":2},"end":{"line":47,"column":36}},"24":{"start":{"line":51,"column":0},"end":{"line":57,"column":3}},"25":{"start":{"line":52,"column":4},"end":{"line":52,"column":33}},"26":{"start":{"line":54,"column":12},"end":{"line":54,"column":54}},"27":{"start":{"line":56,"column":4},"end":{"line":56,"column":33}},"28":{"start":{"line":60,"column":0},"end":{"line":70,"column":3}},"29":{"start":{"line":61,"column":2},"end":{"line":61,"column":34}},"30":{"start":{"line":63,"column":17},"end":{"line":63,"column":79}},"31":{"start":{"line":65,"column":2},"end":{"line":69,"column":3}},"32":{"start":{"line":66,"column":4},"end":{"line":66,"column":48}},"33":{"start":{"line":68,"column":4},"end":{"line":68,"column":40}},"34":{"start":{"line":73,"column":0},"end":{"line":91,"column":3}},"35":{"start":{"line":74,"column":2},"end":{"line":74,"column":31}},"36":{"start":{"line":77,"column":18},"end":{"line":77,"column":20}},"37":{"start":{"line":78,"column":2},"end":{"line":81,"column":5}},"38":{"start":{"line":79,"column":25},"end":{"line":79,"column":30}},"39":{"start":{"line":80,"column":4},"end":{"line":80,"column":24}},"40":{"start":{"line":83,"column":17},"end":{"line":83,"column":71}},"41":{"start":{"line":86,"column":2},"end":{"line":88,"column":3}},"42":{"start":{"line":87,"column":4},"end":{"line":87,"column":35}},"43":{"start":{"line":90,"column":2},"end":{"line":90,"column":49}},"44":{"start":{"line":94,"column":0},"end":{"line":105,"column":3}},"45":{"start":{"line":95,"column":2},"end":{"line":95,"column":39}},"46":{"start":{"line":97,"column":17},"end":{"line":97,"column":82}},"47":{"start":{"line":100,"column":2},"end":{"line":104,"column":3}},"48":{"start":{"line":101,"column":4},"end":{"line":101,"column":62}},"49":{"start":{"line":103,"column":4},"end":{"line":103,"column":40}},"50":{"start":{"line":109,"column":0},"end":{"line":115,"column":3}},"51":{"start":{"line":110,"column":2},"end":{"line":110,"column":20}},"52":{"start":{"line":112,"column":10},"end":{"line":112,"column":50}},"53":{"start":{"line":114,"column":2},"end":{"line":114,"column":31}},"54":{"start":{"line":119,"column":0},"end":{"line":137,"column":3}},"55":{"start":{"line":120,"column":2},"end":{"line":120,"column":30}},"56":{"start":{"line":122,"column":2},"end":{"line":135,"column":3}},"57":{"start":{"line":124,"column":18},"end":{"line":124,"column":20}},"58":{"start":{"line":125,"column":2},"end":{"line":128,"column":5}},"59":{"start":{"line":126,"column":25},"end":{"line":126,"column":30}},"60":{"start":{"line":127,"column":4},"end":{"line":127,"column":24}},"61":{"start":{"line":130,"column":16},"end":{"line":130,"column":68}},"62":{"start":{"line":133,"column":4},"end":{"line":133,"column":23}},"63":{"start":{"line":134,"column":4},"end":{"line":134,"column":59}},"64":{"start":{"line":136,"column":2},"end":{"line":136,"column":47}},"65":{"start":{"line":140,"column":0},"end":{"line":150,"column":3}},"66":{"start":{"line":141,"column":2},"end":{"line":141,"column":33}},"67":{"start":{"line":143,"column":16},"end":{"line":143,"column":76}},"68":{"start":{"line":145,"column":2},"end":{"line":149,"column":3}},"69":{"start":{"line":146,"column":4},"end":{"line":146,"column":48}},"70":{"start":{"line":148,"column":4},"end":{"line":148,"column":42}},"71":{"start":{"line":153,"column":0},"end":{"line":182,"column":2}},"72":{"start":{"line":154,"column":2},"end":{"line":154,"column":49}},"73":{"start":{"line":155,"column":2},"end":{"line":181,"column":3}},"74":{"start":{"line":156,"column":15},"end":{"line":156,"column":23}},"75":{"start":{"line":157,"column":21},"end":{"line":163,"column":6}},"76":{"start":{"line":165,"column":27},"end":{"line":165,"column":48}},"77":{"start":{"line":165,"column":49},"end":{"line":165,"column":50}},"78":{"start":{"line":166,"column":4},"end":{"line":166,"column":32}},"79":{"start":{"line":168,"column":4},"end":{"line":174,"column":5}},"80":{"start":{"line":169,"column":6},"end":{"line":169,"column":33}},"81":{"start":{"line":170,"column":6},"end":{"line":173,"column":7}},"82":{"start":{"line":176,"column":4},"end":{"line":176,"column":54}},"83":{"start":{"line":177,"column":4},"end":{"line":177,"column":40}},"84":{"start":{"line":179,"column":4},"end":{"line":179,"column":22}},"85":{"start":{"line":180,"column":4},"end":{"line":180,"column":60}},"86":{"start":{"line":185,"column":0},"end":{"line":205,"column":3}},"87":{"start":{"line":186,"column":2},"end":{"line":204,"column":3}},"88":{"start":{"line":187,"column":4},"end":{"line":187,"column":25}},"89":{"start":{"line":188,"column":41},"end":{"line":188,"column":49}},"90":{"start":{"line":189,"column":4},"end":{"line":189,"column":81}},"91":{"start":{"line":189,"column":18},"end":{"line":189,"column":81}},"92":{"start":{"line":191,"column":36},"end":{"line":191,"column":65}},"93":{"start":{"line":193,"column":23},"end":{"line":193,"column":83}},"94":{"start":{"line":196,"column":24},"end":{"line":196,"column":49}},"95":{"start":{"line":196,"column":44},"end":{"line":196,"column":48}},"96":{"start":{"line":197,"column":4},"end":{"line":197,"column":54}},"97":{"start":{"line":197,"column":34},"end":{"line":197,"column":54}},"98":{"start":{"line":199,"column":21},"end":{"line":199,"column":68}},"99":{"start":{"line":200,"column":4},"end":{"line":200,"column":30}},"100":{"start":{"line":202,"column":4},"end":{"line":202,"column":21}},"101":{"start":{"line":203,"column":4},"end":{"line":203,"column":68}},"102":{"start":{"line":209,"column":0},"end":{"line":213,"column":3}},"103":{"start":{"line":210,"column":2},"end":{"line":210,"column":31}},"104":{"start":{"line":211,"column":2},"end":{"line":211,"column":26}},"105":{"start":{"line":212,"column":2},"end":{"line":212,"column":40}},"106":{"start":{"line":216,"column":0},"end":{"line":216,"column":20}}},"fnMap":{"0":{"name":"(anonymous_0)","decl":{"start":{"line":7,"column":14},"end":{"line":7,"column":15}},"loc":{"start":{"line":7,"column":27},"end":{"line":7,"column":90}},"line":7},"1":{"name":"(anonymous_1)","decl":{"start":{"line":7,"column":53},"end":{"line":7,"column":54}},"loc":{"start":{"line":7,"column":75},"end":{"line":7,"column":89}},"line":7},"2":{"name":"(anonymous_2)","decl":{"start":{"line":46,"column":13},"end":{"line":46,"column":14}},"loc":{"start":{"line":46,"column":33},"end":{"line":48,"column":1}},"line":46},"3":{"name":"(anonymous_3)","decl":{"start":{"line":51,"column":44},"end":{"line":51,"column":45}},"loc":{"start":{"line":51,"column":64},"end":{"line":57,"column":1}},"line":51},"4":{"name":"(anonymous_4)","decl":{"start":{"line":60,"column":48},"end":{"line":60,"column":49}},"loc":{"start":{"line":60,"column":68},"end":{"line":70,"column":1}},"line":60},"5":{"name":"(anonymous_5)","decl":{"start":{"line":73,"column":45},"end":{"line":73,"column":46}},"loc":{"start":{"line":73,"column":65},"end":{"line":91,"column":1}},"line":73},"6":{"name":"(anonymous_6)","decl":{"start":{"line":78,"column":35},"end":{"line":78,"column":36}},"loc":{"start":{"line":78,"column":46},"end":{"line":81,"column":3}},"line":78},"7":{"name":"(anonymous_7)","decl":{"start":{"line":94,"column":54},"end":{"line":94,"column":55}},"loc":{"start":{"line":94,"column":74},"end":{"line":105,"column":1}},"line":94},"8":{"name":"(anonymous_8)","decl":{"start":{"line":109,"column":42},"end":{"line":109,"column":43}},"loc":{"start":{"line":109,"column":62},"end":{"line":115,"column":1}},"line":109},"9":{"name":"(anonymous_9)","decl":{"start":{"line":119,"column":43},"end":{"line":119,"column":44}},"loc":{"start":{"line":119,"column":63},"end":{"line":137,"column":1}},"line":119},"10":{"name":"(anonymous_10)","decl":{"start":{"line":125,"column":35},"end":{"line":125,"column":36}},"loc":{"start":{"line":125,"column":46},"end":{"line":128,"column":3}},"line":125},"11":{"name":"(anonymous_11)","decl":{"start":{"line":140,"column":25},"end":{"line":140,"column":26}},"loc":{"start":{"line":140,"column":45},"end":{"line":150,"column":1}},"line":140},"12":{"name":"(anonymous_12)","decl":{"start":{"line":153,"column":44},"end":{"line":153,"column":45}},"loc":{"start":{"line":153,"column":64},"end":{"line":182,"column":1}},"line":153},"13":{"name":"(anonymous_13)","decl":{"start":{"line":185,"column":20},"end":{"line":185,"column":21}},"loc":{"start":{"line":185,"column":40},"end":{"line":205,"column":1}},"line":185},"14":{"name":"(anonymous_14)","decl":{"start":{"line":196,"column":39},"end":{"line":196,"column":40}},"loc":{"start":{"line":196,"column":44},"end":{"line":196,"column":48}},"line":196},"15":{"name":"(anonymous_15)","decl":{"start":{"line":209,"column":39},"end":{"line":209,"column":40}},"loc":{"start":{"line":209,"column":59},"end":{"line":213,"column":1}},"line":209}},"branchMap":{"0":{"loc":{"start":{"line":65,"column":2},"end":{"line":69,"column":3}},"type":"if","locations":[{"start":{"line":65,"column":2},"end":{"line":69,"column":3}},{"start":{"line":67,"column":9},"end":{"line":69,"column":3}}],"line":65},"1":{"loc":{"start":{"line":86,"column":2},"end":{"line":88,"column":3}},"type":"if","locations":[{"start":{"line":86,"column":2},"end":{"line":88,"column":3}},{"start":{},"end":{}}],"line":86},"2":{"loc":{"start":{"line":100,"column":2},"end":{"line":104,"column":3}},"type":"if","locations":[{"start":{"line":100,"column":2},"end":{"line":104,"column":3}},{"start":{"line":102,"column":9},"end":{"line":104,"column":3}}],"line":100},"3":{"loc":{"start":{"line":145,"column":2},"end":{"line":149,"column":3}},"type":"if","locations":[{"start":{"line":145,"column":2},"end":{"line":149,"column":3}},{"start":{"line":147,"column":9},"end":{"line":149,"column":3}}],"line":145},"4":{"loc":{"start":{"line":168,"column":4},"end":{"line":174,"column":5}},"type":"if","locations":[{"start":{"line":168,"column":4},"end":{"line":174,"column":5}},{"start":{},"end":{}}],"line":168},"5":{"loc":{"start":{"line":189,"column":4},"end":{"line":189,"column":81}},"type":"if","locations":[{"start":{"line":189,"column":4},"end":{"line":189,"column":81}},{"start":{},"end":{}}],"line":189},"6":{"loc":{"start":{"line":197,"column":4},"end":{"line":197,"column":54}},"type":"if","locations":[{"start":{"line":197,"column":4},"end":{"line":197,"column":54}},{"start":{},"end":{}}],"line":197}},"s":{"0":2,"1":2,"2":2,"3":2,"4":2,"5":2,"6":2,"7":0,"8":0,"9":2,"10":2,"11":2,"12":2,"13":2,"14":2,"15":2,"16":2,"17":2,"18":2,"19":2,"20":2,"21":2,"22":2,"23":1,"24":2,"25":0,"26":0,"27":0,"28":2,"29":0,"30":0,"31":0,"32":0,"33":0,"34":2,"35":0,"36":0,"37":0,"38":0,"39":0,"40":0,"41":0,"42":0,"43":0,"44":2,"45":0,"46":0,"47":0,"48":0,"49":0,"50":2,"51":0,"52":0,"53":0,"54":2,"55":0,"56":0,"57":0,"58":0,"59":0,"60":0,"61":0,"62":0,"63":0,"64":0,"65":2,"66":0,"67":0,"68":0,"69":0,"70":0,"71":2,"72":0,"73":0,"74":0,"75":0,"76":0,"77":0,"78":0,"79":0,"80":0,"81":0,"82":0,"83":0,"84":0,"85":0,"86":2,"87":2,"88":2,"89":2,"90":2,"91":0,"92":2,"93":2,"94":2,"95":1,"96":2,"97":1,"98":1,"99":1,"100":0,"101":0,"102":2,"103":0,"104":0,"105":0,"106":2},"f":{"0":0,"1":0,"2":1,"3":0,"4":0,"5":0,"6":0,"7":0,"8":0,"9":0,"10":0,"11":0,"12":0,"13":2,"14":1,"15":0},"b":{"0":[0,0],"1":[0,0],"2":[0,0],"3":[0,0],"4":[0,0],"5":[0,2],"6":[1,1]},"_coverageSchema":"1a1c01bbd47fc00a2c39e90264f33305004495a9","hash":"3674486d881e156abc2ff20ba866755f8deb7490"}
,"/Users/biaska/Desktop/Career/Bookme/api/sql-queries.cjs": {"path":"/Users/biaska/Desktop/Career/Bookme/api/sql-queries.cjs","statementMap":{"0":{"start":{"line":1,"column":16},"end":{"line":145,"column":1}},"1":{"start":{"line":147,"column":0},"end":{"line":147,"column":24}}},"fnMap":{},"branchMap":{},"s":{"0":2,"1":2},"f":{},"b":{},"inputSourceMap":null,"_coverageSchema":"1a1c01bbd47fc00a2c39e90264f33305004495a9","hash":"a2afd2cc32794332578dd1e631b0c6a764a279c3"}
,"/Users/biaska/Desktop/Career/Bookme/api/utils/geocode.js": {"path":"/Users/biaska/Desktop/Career/Bookme/api/utils/geocode.js","statementMap":{"0":{"start":{"line":1,"column":21},"end":{"line":1,"column":45}},"1":{"start":{"line":3,"column":17},"end":{"line":9,"column":2}},"2":{"start":{"line":16,"column":23},"end":{"line":27,"column":1}},"3":{"start":{"line":17,"column":4},"end":{"line":26,"column":5}},"4":{"start":{"line":18,"column":28},"end":{"line":21,"column":10}},"5":{"start":{"line":22,"column":8},"end":{"line":22,"column":30}},"6":{"start":{"line":24,"column":8},"end":{"line":24,"column":29}},"7":{"start":{"line":25,"column":8},"end":{"line":25,"column":53}},"8":{"start":{"line":29,"column":0},"end":{"line":29,"column":31}}},"fnMap":{"0":{"name":"(anonymous_0)","decl":{"start":{"line":16,"column":23},"end":{"line":16,"column":24}},"loc":{"start":{"line":16,"column":42},"end":{"line":27,"column":1}},"line":16}},"branchMap":{},"s":{"0":1,"1":1,"2":1,"3":0,"4":0,"5":0,"6":0,"7":0,"8":1},"f":{"0":0},"b":{},"_coverageSchema":"1a1c01bbd47fc00a2c39e90264f33305004495a9","hash":"38a432773d1ec0be8660062eae27c401d9351e62"}
,"/Users/biaska/Desktop/Career/Bookme/api/utils/servicesKeywordSearch.js": {"path":"/Users/biaska/Desktop/Career/Bookme/api/utils/servicesKeywordSearch.js","statementMap":{"0":{"start":{"line":1,"column":11},"end":{"line":1,"column":30}},"1":{"start":{"line":11,"column":32},"end":{"line":35,"column":1}},"2":{"start":{"line":12,"column":4},"end":{"line":34,"column":5}},"3":{"start":{"line":13,"column":8},"end":{"line":31,"column":9}},"4":{"start":{"line":14,"column":12},"end":{"line":27,"column":13}},"5":{"start":{"line":16,"column":38},"end":{"line":16,"column":40}},"6":{"start":{"line":18,"column":16},"end":{"line":22,"column":17}},"7":{"start":{"line":18,"column":27},"end":{"line":18,"column":28}},"8":{"start":{"line":19,"column":20},"end":{"line":21,"column":21}},"9":{"start":{"line":20,"column":24},"end":{"line":20,"column":57}},"10":{"start":{"line":26,"column":16},"end":{"line":26,"column":61}},"11":{"start":{"line":30,"column":12},"end":{"line":30,"column":55}},"12":{"start":{"line":33,"column":8},"end":{"line":33,"column":26}},"13":{"start":{"line":43,"column":28},"end":{"line":60,"column":1}},"14":{"start":{"line":44,"column":4},"end":{"line":58,"column":5}},"15":{"start":{"line":45,"column":25},"end":{"line":45,"column":114}},"16":{"start":{"line":47,"column":23},"end":{"line":47,"column":32}},"17":{"start":{"line":50,"column":8},"end":{"line":52,"column":9}},"18":{"start":{"line":51,"column":12},"end":{"line":51,"column":52}},"19":{"start":{"line":54,"column":8},"end":{"line":54,"column":23}},"20":{"start":{"line":57,"column":8},"end":{"line":57,"column":26}},"21":{"start":{"line":62,"column":0},"end":{"line":62,"column":36}}},"fnMap":{"0":{"name":"(anonymous_0)","decl":{"start":{"line":11,"column":32},"end":{"line":11,"column":33}},"loc":{"start":{"line":11,"column":55},"end":{"line":35,"column":1}},"line":11},"1":{"name":"(anonymous_1)","decl":{"start":{"line":43,"column":28},"end":{"line":43,"column":29}},"loc":{"start":{"line":43,"column":60},"end":{"line":60,"column":1}},"line":43}},"branchMap":{"0":{"loc":{"start":{"line":13,"column":8},"end":{"line":31,"column":9}},"type":"if","locations":[{"start":{"line":13,"column":8},"end":{"line":31,"column":9}},{"start":{"line":28,"column":15},"end":{"line":31,"column":9}}],"line":13},"1":{"loc":{"start":{"line":14,"column":12},"end":{"line":27,"column":13}},"type":"if","locations":[{"start":{"line":14,"column":12},"end":{"line":27,"column":13}},{"start":{"line":24,"column":19},"end":{"line":27,"column":13}}],"line":14},"2":{"loc":{"start":{"line":19,"column":20},"end":{"line":21,"column":21}},"type":"if","locations":[{"start":{"line":19,"column":20},"end":{"line":21,"column":21}},{"start":{},"end":{}}],"line":19},"3":{"loc":{"start":{"line":50,"column":8},"end":{"line":52,"column":9}},"type":"if","locations":[{"start":{"line":50,"column":8},"end":{"line":52,"column":9}},{"start":{},"end":{}}],"line":50}},"s":{"0":2,"1":2,"2":0,"3":0,"4":0,"5":0,"6":0,"7":0,"8":0,"9":0,"10":0,"11":0,"12":0,"13":2,"14":1,"15":1,"16":1,"17":1,"18":0,"19":1,"20":0,"21":2},"f":{"0":0,"1":1},"b":{"0":[0,0],"1":[0,0],"2":[0,0],"3":[0,1]},"_coverageSchema":"1a1c01bbd47fc00a2c39e90264f33305004495a9","hash":"62a99549427086d5e240e3de97cddd0e7c33436d"}
}
