TN:
SF:config.js
FN:6,(anonymous_0)
FN:14,(anonymous_1)
FN:19,(anonymous_2)
FNF:3
FNH:3
FNDA:2,(anonymous_0)
FNDA:2,(anonymous_1)
FNDA:2,(anonymous_2)
DA:1,2
DA:2,2
DA:4,2
DA:6,2
DA:14,2
DA:20,2
DA:21,2
DA:23,0
DA:29,2
DA:30,2
DA:31,0
DA:34,0
DA:37,2
DA:38,2
DA:40,2
LF:15
LH:12
BRDA:20,0,0,2
BRDA:20,0,1,0
BRDA:30,1,0,0
BRDA:30,1,1,2
BRF:4
BRH:2
end_of_record
TN:
SF:index.js
FN:28,(anonymous_0)
FN:35,(anonymous_1)
FNF:2
FNH:1
FNDA:1,(anonymous_0)
FNDA:0,(anonymous_1)
DA:1,2
DA:2,2
DA:3,2
DA:4,2
DA:5,2
DA:7,2
DA:9,2
DA:10,2
DA:12,2
DA:22,2
DA:28,2
DA:31,2
DA:32,2
DA:35,2
DA:36,0
DA:37,0
DA:40,2
DA:42,2
LF:18
LH:16
BRF:0
BRH:0
end_of_record
TN:
SF:routes.js
FN:5,(anonymous_0)
FNF:1
FNH:1
FNDA:2,(anonymous_0)
DA:1,2
DA:2,2
DA:3,2
DA:5,2
DA:6,2
DA:9,2
DA:10,2
DA:11,2
DA:14,2
DA:15,2
DA:16,2
DA:17,2
DA:20,2
DA:23,2
DA:26,2
DA:28,2
LF:16
LH:16
BRF:0
BRH:0
end_of_record
TN:
SF:app/businesses.controllers.js
FN:5,listBusinesses
FN:11,getBusiness
FN:18,createBusiness
FN:24,listBusinessServices
FN:31,listServices
FN:37,getService
FN:44,createService
FN:50,createSchedule
FN:56,searchNearbyServices
FN:64,resetDatabase
FNF:10
FNH:1
FNDA:0,listBusinesses
FNDA:0,getBusiness
FNDA:0,createBusiness
FNDA:0,listBusinessServices
FNDA:0,listServices
FNDA:0,getService
FNDA:0,createService
FNDA:0,createSchedule
FNDA:2,searchNearbyServices
FNDA:0,resetDatabase
DA:1,2
DA:2,2
DA:6,0
DA:7,0
DA:12,0
DA:13,0
DA:14,0
DA:19,0
DA:20,0
DA:25,0
DA:26,0
DA:27,0
DA:32,0
DA:33,0
DA:38,0
DA:39,0
DA:40,0
DA:45,0
DA:46,0
DA:51,0
DA:52,0
DA:57,2
DA:58,2
DA:59,2
DA:60,2
DA:65,0
DA:66,0
DA:69,2
LF:28
LH:7
BRDA:13,0,0,0
BRDA:13,0,1,0
BRDA:26,1,0,0
BRDA:26,1,1,0
BRDA:39,2,0,0
BRDA:39,2,1,0
BRDA:57,3,0,2
BRDA:57,3,1,0
BRDA:58,4,0,0
BRDA:58,4,1,2
BRF:10
BRH:2
end_of_record
TN:
SF:app/businesses.model.js
FN:5,getAllBusinesses
FN:10,getBusinessById
FN:15,createBusiness
FN:19,searchBusinessesWithinRadius
FN:25,getServicesByBusinessId
FN:30,getAllServices
FN:35,getServiceById
FN:40,createService
FN:45,getServicesByBusinessIds
FNF:9
FNH:2
FNDA:0,getAllBusinesses
FNDA:0,getBusinessById
FNDA:0,createBusiness
FNDA:2,searchBusinessesWithinRadius
FNDA:0,getServicesByBusinessId
FNDA:0,getAllServices
FNDA:0,getServiceById
FNDA:0,createService
FNDA:1,getServicesByBusinessIds
DA:1,2
DA:2,2
DA:6,0
DA:7,0
DA:11,0
DA:12,0
DA:16,0
DA:20,2
DA:21,2
DA:26,0
DA:27,0
DA:31,0
DA:32,0
DA:36,0
DA:37,0
DA:41,0
DA:46,1
DA:47,1
DA:50,2
LF:19
LH:7
BRDA:46,0,0,1
BRDA:46,0,1,1
BRF:2
BRH:2
end_of_record
TN:
SF:app/businesses.service.js
FN:6,getAllBusinesses
FN:11,getBusinessById
FN:16,createBusiness
FN:17,(anonymous_3)
FN:21,getServicesForBusiness
FN:25,getAllServices
FN:29,getServiceById
FN:33,createService
FN:34,(anonymous_8)
FN:39,getBusinessesWithinRadius
FN:44,searchNearbyServices
FN:48,(anonymous_11)
FNF:12
FNH:3
FNDA:0,getAllBusinesses
FNDA:0,getBusinessById
FNDA:0,createBusiness
FNDA:0,(anonymous_3)
FNDA:0,getServicesForBusiness
FNDA:0,getAllServices
FNDA:0,getServiceById
FNDA:0,createService
FNDA:0,(anonymous_8)
FNDA:2,getBusinessesWithinRadius
FNDA:2,searchNearbyServices
FNDA:1,(anonymous_11)
DA:1,2
DA:2,2
DA:4,2
DA:7,0
DA:8,0
DA:12,0
DA:13,0
DA:17,0
DA:18,0
DA:22,0
DA:26,0
DA:30,0
DA:34,0
DA:35,0
DA:40,2
DA:41,2
DA:45,2
DA:46,2
DA:48,2
DA:49,2
DA:51,1
DA:52,1
DA:55,2
LF:23
LH:12
BRDA:13,0,0,0
BRDA:13,0,1,0
BRDA:49,1,0,1
BRDA:49,1,1,1
BRF:4
BRH:2
end_of_record
TN:
SF:db/db.js
FN:15,query
FN:20,withClient
FN:30,resetDatabase
FN:31,(anonymous_3)
FN:40,closePool
FNF:5
FNH:5
FNDA:3,query
FNDA:5,withClient
FNDA:5,resetDatabase
FNDA:5,(anonymous_3)
FNDA:2,closePool
DA:1,2
DA:2,2
DA:3,2
DA:5,2
DA:16,3
DA:21,5
DA:22,5
DA:23,5
DA:25,5
DA:31,5
DA:32,5
DA:33,5
DA:34,5
DA:35,5
DA:36,5
DA:41,2
DA:44,2
LF:17
LH:17
BRDA:33,0,0,5
BRDA:33,0,1,0
BRDA:34,1,0,5
BRDA:34,1,1,0
BRDA:35,2,0,5
BRDA:35,2,1,0
BRF:6
BRH:3
end_of_record
TN:
SF:db/sql-queries.cjs
FNF:0
FNH:0
DA:1,2
DA:164,2
LF:2
LH:2
BRF:0
BRH:0
end_of_record
TN:
SF:middlewares/error.js
FN:1,errorHandler
FNF:1
FNH:0
FNDA:0,errorHandler
DA:3,0
DA:5,0
DA:10,0
DA:11,0
DA:14,0
DA:16,0
DA:19,2
LF:7
LH:1
BRDA:3,0,0,0
BRDA:3,0,1,0
BRDA:3,1,0,0
BRDA:3,1,1,0
BRDA:6,2,0,0
BRDA:6,2,1,0
BRDA:7,3,0,0
BRDA:7,3,1,0
BRDA:10,4,0,0
BRDA:10,4,1,0
BRDA:10,5,0,0
BRDA:10,5,1,0
BRF:12
BRH:0
end_of_record
TN:
SF:utils/geocode.js
FN:16,(anonymous_0)
FNF:1
FNH:0
FNDA:0,(anonymous_0)
DA:1,1
DA:3,1
DA:16,1
DA:17,0
DA:18,0
DA:22,0
DA:24,0
DA:25,0
DA:29,1
LF:9
LH:4
BRF:0
BRH:0
end_of_record
TN:
SF:utils/http.js
FN:1,asyncHandler
FN:2,wrapped
FN:8,(anonymous_2)
FNF:3
FNH:2
FNDA:20,asyncHandler
FNDA:2,wrapped
FNDA:0,(anonymous_2)
DA:2,20
DA:3,2
DA:9,0
DA:10,0
DA:14,2
LF:5
LH:3
BRF:0
BRH:0
end_of_record
