TN:
SF:config.js
FN:6,(anonymous_0)
FN:14,(anonymous_1)
FN:19,(anonymous_2)
FNF:3
FNH:3
FNDA:2,(anonymous_0)
FNDA:2,(anonymous_1)
FNDA:2,(anonymous_2)
DA:1,2
DA:2,2
DA:4,2
DA:6,2
DA:14,2
DA:20,2
DA:21,2
DA:23,0
DA:29,2
DA:30,2
DA:31,0
DA:34,0
DA:37,2
DA:38,2
DA:40,2
LF:15
LH:12
BRDA:20,0,0,2
BRDA:20,0,1,0
BRDA:30,1,0,0
BRDA:30,1,1,2
BRF:4
BRH:2
end_of_record
TN:
SF:controllers.js
FN:3,(anonymous_0)
FN:20,getBusinessesWithinRadius
FNF:2
FNH:1
FNDA:0,(anonymous_0)
FNDA:2,getBusinessesWithinRadius
DA:1,2
DA:3,2
DA:4,0
DA:5,0
DA:6,0
DA:8,0
DA:11,2
DA:21,2
DA:23,2
DA:32,2
DA:33,2
DA:36,2
LF:12
LH:8
BRDA:5,0,0,0
BRDA:5,0,1,0
BRF:2
BRH:0
end_of_record
TN:
SF:db.js
FN:15,query
FN:20,withClient
FN:30,resetDatabase
FN:31,(anonymous_3)
FN:41,closePool
FNF:5
FNH:5
FNDA:3,query
FNDA:5,withClient
FNDA:5,resetDatabase
FNDA:5,(anonymous_3)
FNDA:2,closePool
DA:1,2
DA:2,2
DA:3,2
DA:5,2
DA:16,3
DA:21,5
DA:22,5
DA:23,5
DA:25,5
DA:31,5
DA:32,5
DA:33,5
DA:34,5
DA:35,5
DA:36,5
DA:38,5
DA:42,2
DA:45,2
LF:18
LH:18
BRDA:33,0,0,5
BRDA:33,0,1,0
BRDA:34,1,0,5
BRDA:34,1,1,0
BRDA:35,2,0,5
BRDA:35,2,1,0
BRF:6
BRH:3
end_of_record
TN:
SF:index.js
FN:7,(anonymous_0)
FN:7,(anonymous_1)
FN:46,(anonymous_2)
FN:51,(anonymous_3)
FN:60,(anonymous_4)
FN:73,(anonymous_5)
FN:78,(anonymous_6)
FN:94,(anonymous_7)
FN:109,(anonymous_8)
FN:119,(anonymous_9)
FN:125,(anonymous_10)
FN:140,(anonymous_11)
FN:153,(anonymous_12)
FN:185,(anonymous_13)
FN:196,(anonymous_14)
FN:209,(anonymous_15)
FNF:16
FNH:3
FNDA:0,(anonymous_0)
FNDA:0,(anonymous_1)
FNDA:1,(anonymous_2)
FNDA:0,(anonymous_3)
FNDA:0,(anonymous_4)
FNDA:0,(anonymous_5)
FNDA:0,(anonymous_6)
FNDA:0,(anonymous_7)
FNDA:0,(anonymous_8)
FNDA:0,(anonymous_9)
FNDA:0,(anonymous_10)
FNDA:0,(anonymous_11)
FNDA:0,(anonymous_12)
FNDA:2,(anonymous_13)
FNDA:1,(anonymous_14)
FNDA:0,(anonymous_15)
DA:1,2
DA:2,2
DA:3,2
DA:4,2
DA:5,2
DA:6,2
DA:7,2
DA:8,2
DA:9,2
DA:10,2
DA:11,2
DA:12,2
DA:15,2
DA:20,2
DA:21,2
DA:24,2
DA:25,2
DA:29,2
DA:35,2
DA:44,2
DA:46,2
DA:47,1
DA:51,2
DA:52,0
DA:54,0
DA:56,0
DA:60,2
DA:61,0
DA:63,0
DA:65,0
DA:66,0
DA:68,0
DA:73,2
DA:74,0
DA:77,0
DA:78,0
DA:79,0
DA:80,0
DA:83,0
DA:86,0
DA:87,0
DA:90,0
DA:94,2
DA:95,0
DA:97,0
DA:100,0
DA:101,0
DA:103,0
DA:109,2
DA:110,0
DA:112,0
DA:114,0
DA:119,2
DA:120,0
DA:122,0
DA:124,0
DA:125,0
DA:126,0
DA:127,0
DA:130,0
DA:133,0
DA:134,0
DA:136,0
DA:140,2
DA:141,0
DA:143,0
DA:145,0
DA:146,0
DA:148,0
DA:153,2
DA:154,0
DA:155,0
DA:156,0
DA:157,0
DA:165,0
DA:166,0
DA:168,0
DA:169,0
DA:170,0
DA:176,0
DA:177,0
DA:179,0
DA:180,0
DA:185,2
DA:186,2
DA:187,2
DA:188,2
DA:189,2
DA:191,2
DA:193,2
DA:196,2
DA:197,2
DA:199,1
DA:200,1
DA:202,0
DA:203,0
DA:209,2
DA:210,0
DA:211,0
DA:212,0
DA:216,2
LF:101
LH:43
BRDA:65,0,0,0
BRDA:65,0,1,0
BRDA:86,1,0,0
BRDA:86,1,1,0
BRDA:100,2,0,0
BRDA:100,2,1,0
BRDA:145,3,0,0
BRDA:145,3,1,0
BRDA:168,4,0,0
BRDA:168,4,1,0
BRDA:189,5,0,0
BRDA:189,5,1,2
BRDA:197,6,0,1
BRDA:197,6,1,1
BRF:14
BRH:3
end_of_record
TN:
SF:sql-queries.cjs
FNF:0
FNH:0
DA:1,2
DA:147,2
LF:2
LH:2
BRF:0
BRH:0
end_of_record
TN:
SF:utils/geocode.js
FN:16,(anonymous_0)
FNF:1
FNH:0
FNDA:0,(anonymous_0)
DA:1,1
DA:3,1
DA:16,1
DA:17,0
DA:18,0
DA:22,0
DA:24,0
DA:25,0
DA:29,1
LF:9
LH:4
BRF:0
BRH:0
end_of_record
TN:
SF:utils/servicesKeywordSearch.js
FN:11,(anonymous_0)
FN:43,(anonymous_1)
FNF:2
FNH:1
FNDA:0,(anonymous_0)
FNDA:1,(anonymous_1)
DA:1,2
DA:11,2
DA:12,0
DA:13,0
DA:14,0
DA:16,0
DA:18,0
DA:19,0
DA:20,0
DA:26,0
DA:30,0
DA:33,0
DA:43,2
DA:44,1
DA:45,1
DA:47,1
DA:50,1
DA:51,0
DA:54,1
DA:57,0
DA:62,2
LF:21
LH:9
BRDA:13,0,0,0
BRDA:13,0,1,0
BRDA:14,1,0,0
BRDA:14,1,1,0
BRDA:19,2,0,0
BRDA:19,2,1,0
BRDA:50,3,0,0
BRDA:50,3,1,1
BRF:8
BRH:1
end_of_record
